[05-Dec-2024 23:09:14] NOTICE: fpm is running, pid 2705
[05-Dec-2024 23:09:14] NOTICE: ready to handle connections
[05-Dec-2024 23:55:49] NOTICE: Terminating ...
[05-Dec-2024 23:55:49] NOTICE: Terminating ...
[05-Dec-2024 23:55:49] NOTICE: exiting, bye-bye!
[14-Dec-2024 17:52:22] NOTICE: fpm is running, pid 2773
[14-Dec-2024 17:52:22] NOTICE: ready to handle connections
[14-Dec-2024 20:02:29] NOTICE: Terminating ...
[14-Dec-2024 20:02:29] NOTICE: Terminating ...
[14-Dec-2024 20:02:29] NOTICE: exiting, bye-bye!
[15-Dec-2024 14:32:51] NOTICE: fpm is running, pid 8477
[15-Dec-2024 14:32:51] NOTICE: ready to handle connections
[16-Dec-2024 00:10:18] NOTICE: Terminating ...
[16-Dec-2024 00:10:18] NOTICE: Terminating ...
[16-Dec-2024 00:10:18] NOTICE: exiting, bye-bye!
[16-Dec-2024 23:01:39] NOTICE: fpm is running, pid 12559
[16-Dec-2024 23:01:39] NOTICE: ready to handle connections
[17-Dec-2024 00:28:59] NOTICE: Terminating ...
[17-Dec-2024 00:28:59] NOTICE: Terminating ...
[17-Dec-2024 00:28:59] NOTICE: exiting, bye-bye!
[17-Dec-2024 23:58:53] NOTICE: fpm is running, pid 36085
[17-Dec-2024 23:58:53] NOTICE: ready to handle connections
[18-Dec-2024 00:10:26] NOTICE: Terminating ...
[18-Dec-2024 00:10:26] NOTICE: Terminating ...
[18-Dec-2024 00:10:26] NOTICE: exiting, bye-bye!
[25-Dec-2024 16:09:04] NOTICE: fpm is running, pid 6751
[25-Dec-2024 16:09:04] NOTICE: ready to handle connections
[25-Dec-2024 22:28:26] NOTICE: Terminating ...
[25-Dec-2024 22:28:26] NOTICE: Terminating ...
[25-Dec-2024 22:28:26] NOTICE: exiting, bye-bye!
[26-Dec-2024 20:44:26] NOTICE: fpm is running, pid 2864
[26-Dec-2024 20:44:26] NOTICE: ready to handle connections
[26-Dec-2024 23:43:03] NOTICE: Terminating ...
[26-Dec-2024 23:43:03] NOTICE: Terminating ...
[26-Dec-2024 23:43:03] NOTICE: exiting, bye-bye!
[27-Dec-2024 15:52:04] NOTICE: fpm is running, pid 5862
[27-Dec-2024 15:52:04] NOTICE: ready to handle connections
[27-Dec-2024 23:46:03] NOTICE: Terminating ...
[27-Dec-2024 23:46:03] NOTICE: Terminating ...
[27-Dec-2024 23:46:03] NOTICE: exiting, bye-bye!
[29-Dec-2024 10:46:53] NOTICE: fpm is running, pid 2993
[29-Dec-2024 10:46:53] NOTICE: ready to handle connections
[29-Dec-2024 22:54:33] NOTICE: Terminating ...
[29-Dec-2024 22:54:33] NOTICE: Terminating ...
[29-Dec-2024 22:54:33] NOTICE: exiting, bye-bye!
[02-Jan-2025 21:12:23] NOTICE: fpm is running, pid 8698
[02-Jan-2025 21:12:23] NOTICE: ready to handle connections
[02-Jan-2025 23:40:07] NOTICE: Terminating ...
[02-Jan-2025 23:40:07] NOTICE: Terminating ...
[02-Jan-2025 23:40:07] NOTICE: exiting, bye-bye!
[03-Jan-2025 18:28:29] NOTICE: fpm is running, pid 5698
[03-Jan-2025 18:28:29] NOTICE: ready to handle connections
